<?xml version="1.0" encoding="UTF-8"?>
<!-- Generated by org.testng.reporters.JUnitReportReporter -->
<testsuite hostname="DESKTOP-VLTU8OR" name="Sophosolutions.HomePage" tests="1" failures="0" timestamp="9 Jul 2020 05:11:13 GMT" time="9.557" errors="0">
  <testcase name="basePage" time="9.557" classname="Sophosolutions.HomePage"/>
</testsuite> <!-- Sophosolutions.HomePage -->
