<?xml version="1.0" encoding="UTF-8"?>
<!-- Generated by org.testng.reporters.JUnitReportReporter -->
<testsuite skipped="0" hostname="DESKTOP-VLTU8OR" name="Sophosolutions.HomePage" tests="1" failures="0" timestamp="2020-07-09T11:50:46 COT" time="13.407" errors="0">
  <testcase name="basePage" time="13.407" classname="Sophosolutions.HomePage"/>
  <system-out/>
</testsuite> <!-- Sophosolutions.HomePage -->
